<?xml version="1.0" encoding="UTF-8"?>
<!-- Generated by org.testng.reporters.JUnitReportReporter -->
<testsuite skipped="0" hostname="DESKTOP-0AG0V8V" name="com.TestCases.WiniumTest" tests="1" failures="0" timestamp="02 Mar 2020 18:13:27 GMT" time="25.657" errors="0">
  <testcase name="Test1" time="25.657" classname="com.TestCases.WiniumTest"/>
</testsuite> <!-- com.TestCases.WiniumTest -->
